<?xml version="1.0" encoding="UTF-8"?>
<testsuite xmlns:xsi="http://www.w3.org/2001/XMLSchema-instance" xsi:noNamespaceSchemaLocation="https://maven.apache.org/surefire/maven-surefire-plugin/xsd/surefire-test-report.xsd" version="3.0.2" name="com.user.UsuarioApplicationTests" time="9.786" tests="1" errors="0" skipped="0" failures="0">
  <properties>
[...]
</properties>
  <testcase name="contextLoads" classname="com.user.UsuarioApplicationTests" time="0.38">
    <system-out><![CDATA[21:03:09.796 [main] INFO org.springframework.test.context.support.AnnotationConfigContextLoaderUtils -- Could not detect default configuration classes for test class [com.user.UsuarioApplicationTests]: UsuarioApplicationTests does not declare any static, non-private, non-final, nested classes annotated with @Configuration.
21:03:09.946 [main] INFO org.springframework.boot.test.context.SpringBootTestContextBootstrapper -- Found @SpringBootConfiguration com.user.UsuarioApplication for test class com.user.UsuarioApplicationTests
21:03:10.318 [main] INFO org.springframework.boot.devtools.restart.RestartApplicationListener -- Restart disabled due to context in which it is running

  .   ____          _            __ _ _
 /\\ / ___'_ __ _ _(_)_ __  __ _ \ \ \ \
( ( )\___ | '_ | '_| | '_ \/ _` | \ \ \ \
 \\/  ___)| |_)| | | | | || (_| |  ) ) ) )
  '  |____| .__|_| |_|_| |_\__, | / / / /
 =========|_|==============|___/=/_/_/_/

 :: Spring Boot ::                (v3.4.8)

2025-08-27T21:03:10.720-03:00  INFO 20304 --- [user-microserv] [           main] com.user.UsuarioApplicationTests         : Starting UsuarioApplicationTests using Java 17.0.11 with PID 20304 (started by Acer in C:\Users\Acer\Desktop\Prog\api 2\microservicios\usuario)
2025-08-27T21:03:10.720-03:00  INFO 20304 --- [user-microserv] [           main] com.user.UsuarioApplicationTests         : No active profile set, falling back to 1 default profile: "default"
2025-08-27T21:03:11.979-03:00  INFO 20304 --- [user-microserv] [           main] .s.d.r.c.RepositoryConfigurationDelegate : Bootstrapping Spring Data JPA repositories in DEFAULT mode.
2025-08-27T21:03:12.201-03:00  INFO 20304 --- [user-microserv] [           main] .s.d.r.c.RepositoryConfigurationDelegate : Finished Spring Data repository scanning in 193 ms. Found 1 JPA repository interface.
2025-08-27T21:03:12.579-03:00  INFO 20304 --- [user-microserv] [           main] o.s.cloud.context.scope.GenericScope     : BeanFactory id=5fccda15-2d2d-3b25-9116-b4efa60f5492
2025-08-27T21:03:13.083-03:00  INFO 20304 --- [user-microserv] [           main] o.hibernate.jpa.internal.util.LogHelper  : HHH000204: Processing PersistenceUnitInfo [name: default]
2025-08-27T21:03:13.203-03:00  INFO 20304 --- [user-microserv] [           main] org.hibernate.Version                    : HHH000412: Hibernate ORM core version 6.6.22.Final
2025-08-27T21:03:13.262-03:00  INFO 20304 --- [user-microserv] [           main] o.h.c.internal.RegionFactoryInitiator    : HHH000026: Second-level cache disabled
2025-08-27T21:03:13.775-03:00  INFO 20304 --- [user-microserv] [           main] o.s.o.j.p.SpringPersistenceUnitInfo      : No LoadTimeWeaver setup: ignoring JPA class transformer
2025-08-27T21:03:13.843-03:00  INFO 20304 --- [user-microserv] [           main] com.zaxxer.hikari.HikariDataSource       : HikariPool-1 - Starting...
2025-08-27T21:03:14.158-03:00  INFO 20304 --- [user-microserv] [           main] com.zaxxer.hikari.pool.HikariPool        : HikariPool-1 - Added connection conn0: url=jdbc:h2:mem:userdb user=SA
2025-08-27T21:03:14.158-03:00  INFO 20304 --- [user-microserv] [           main] com.zaxxer.hikari.HikariDataSource       : HikariPool-1 - Start completed.
2025-08-27T21:03:14.190-03:00  WARN 20304 --- [user-microserv] [           main] org.hibernate.orm.deprecation            : HHH90000025: H2Dialect does not need to be specified explicitly using 'hibernate.dialect' (remove the property setting and it will be selected by default)
2025-08-27T21:03:14.216-03:00  INFO 20304 --- [user-microserv] [           main] org.hibernate.orm.connections.pooling    : HHH10001005: Database info:
	Database JDBC URL [Connecting through datasource 'HikariDataSource (HikariPool-1)']
	Database driver: undefined/unknown
	Database version: 2.3.232
	Autocommit mode: undefined/unknown
	Isolation level: undefined/unknown
	Minimum pool size: undefined/unknown
	Maximum pool size: undefined/unknown
2025-08-27T21:03:15.128-03:00  INFO 20304 --- [user-microserv] [           main] o.h.e.t.j.p.i.JtaPlatformInitiator       : HHH000489: No JTA platform available (set 'hibernate.transaction.jta.platform' to enable JTA platform integration)
2025-08-27T21:03:15.162-03:00  INFO 20304 --- [user-microserv] [           main] j.LocalContainerEntityManagerFactoryBean : Initialized JPA EntityManagerFactory for persistence unit 'default'
2025-08-27T21:03:15.785-03:00  WARN 20304 --- [user-microserv] [           main] JpaBaseConfiguration$JpaWebConfiguration : spring.jpa.open-in-view is enabled by default. Therefore, database queries may be performed during view rendering. Explicitly configure spring.jpa.open-in-view to disable this warning
2025-08-27T21:03:15.996-03:00  INFO 20304 --- [user-microserv] [           main] o.s.c.openfeign.FeignClientFactoryBean   : For 'product-microserv' URL not provided. Will try picking an instance via load-balancing.
2025-08-27T21:03:17.746-03:00  INFO 20304 --- [user-microserv] [           main] o.s.b.a.h2.H2ConsoleAutoConfiguration    : H2 console available at '/h2-console'. Database available at 'jdbc:h2:mem:userdb'
2025-08-27T21:03:17.857-03:00  INFO 20304 --- [user-microserv] [           main] DiscoveryClientOptionalArgsConfiguration : Eureka HTTP Client uses RestTemplate.
2025-08-27T21:03:17.876-03:00  WARN 20304 --- [user-microserv] [           main] iguration$LoadBalancerCaffeineWarnLogger : Spring Cloud LoadBalancer is currently working with the default cache. While this cache implementation is useful for development and tests, it's recommended to use Caffeine cache in production.You can switch to using Caffeine cache, by adding it and org.springframework.cache.caffeine.CaffeineCacheManager to the classpath.
2025-08-27T21:03:17.904-03:00  INFO 20304 --- [user-microserv] [           main] o.s.b.a.e.web.EndpointLinksResolver      : Exposing 1 endpoint beneath base path '/actuator'
2025-08-27T21:03:17.959-03:00  INFO 20304 --- [user-microserv] [           main] o.s.c.n.eureka.InstanceInfoFactory       : Setting initial instance status as: STARTING
2025-08-27T21:03:17.988-03:00  INFO 20304 --- [user-microserv] [           main] com.netflix.discovery.DiscoveryClient    : Initializing Eureka in region us-east-1
2025-08-27T21:03:17.996-03:00  INFO 20304 --- [user-microserv] [           main] c.n.d.s.r.aws.ConfigClusterResolver      : Resolving eureka endpoints via configuration
2025-08-27T21:03:18.004-03:00  INFO 20304 --- [user-microserv] [           main] com.netflix.discovery.DiscoveryClient    : Disable delta property : false
2025-08-27T21:03:18.004-03:00  INFO 20304 --- [user-microserv] [           main] com.netflix.discovery.DiscoveryClient    : Single vip registry refresh property : null
2025-08-27T21:03:18.004-03:00  INFO 20304 --- [user-microserv] [           main] com.netflix.discovery.DiscoveryClient    : Force full registry fetch : false
2025-08-27T21:03:18.004-03:00  INFO 20304 --- [user-microserv] [           main] com.netflix.discovery.DiscoveryClient    : Application is null : false
2025-08-27T21:03:18.004-03:00  INFO 20304 --- [user-microserv] [           main] com.netflix.discovery.DiscoveryClient    : Registered Applications size is zero : true
2025-08-27T21:03:18.004-03:00  INFO 20304 --- [user-microserv] [           main] com.netflix.discovery.DiscoveryClient    : Application version is -1: true
2025-08-27T21:03:18.004-03:00  INFO 20304 --- [user-microserv] [           main] com.netflix.discovery.DiscoveryClient    : Getting all instance registry info from the eureka server
2025-08-27T21:03:18.432-03:00  INFO 20304 --- [user-microserv] [           main] com.netflix.discovery.DiscoveryClient    : The response status is 200
2025-08-27T21:03:18.432-03:00  INFO 20304 --- [user-microserv] [           main] com.netflix.discovery.DiscoveryClient    : Starting heartbeat executor: renew interval is: 30
2025-08-27T21:03:18.432-03:00  INFO 20304 --- [user-microserv] [           main] c.n.discovery.InstanceInfoReplicator     : InstanceInfoReplicator onDemand update allowed rate per min is 4
2025-08-27T21:03:18.432-03:00  INFO 20304 --- [user-microserv] [           main] com.netflix.discovery.DiscoveryClient    : Discovery Client initialized at timestamp 1756339398432 with initial instances count: 0
2025-08-27T21:03:18.448-03:00  INFO 20304 --- [user-microserv] [           main] o.s.c.n.e.s.EurekaServiceRegistry        : Registering application USER-MICROSERV with eureka with status UP
2025-08-27T21:03:18.448-03:00  INFO 20304 --- [user-microserv] [           main] com.netflix.discovery.DiscoveryClient    : Saw local status change event StatusChangeEvent [timestamp=1756339398448, current=UP, previous=STARTING]
2025-08-27T21:03:18.448-03:00  INFO 20304 --- [user-microserv] [foReplicator-%d] com.netflix.discovery.DiscoveryClient    : DiscoveryClient_USER-MICROSERV/DESKTOP-617ISOQ:user-microserv:8083: registering service...
2025-08-27T21:03:18.463-03:00  INFO 20304 --- [user-microserv] [           main] com.user.UsuarioApplicationTests         : Started UsuarioApplicationTests in 8.149 seconds (process running for 9.73)
2025-08-27T21:03:18.496-03:00  INFO 20304 --- [user-microserv] [foReplicator-%d] com.netflix.discovery.DiscoveryClient    : DiscoveryClient_USER-MICROSERV/DESKTOP-617ISOQ:user-microserv:8083 - registration status: 204
]]></system-out>
  </testcase>
</testsuite>