<?xml version="1.0" encoding="UTF-8"?>
<testsuite xmlns:xsi="http://www.w3.org/2001/XMLSchema-instance" xsi:noNamespaceSchemaLocation="https://maven.apache.org/surefire/maven-surefire-plugin/xsd/surefire-test-report.xsd" version="3.0.2" name="com.gateway.GatewayApplicationTests" time="7.349" tests="1" errors="0" skipped="0" failures="0">
  <properties>
[...]
</properties>
  <testcase name="contextLoads" classname="com.gateway.GatewayApplicationTests" time="0.852">
    <system-out><![CDATA[23:36:06.687 [main] INFO org.springframework.test.context.support.AnnotationConfigContextLoaderUtils -- Could not detect default configuration classes for test class [com.gateway.GatewayApplicationTests]: GatewayApplicationTests does not declare any static, non-private, non-final, nested classes annotated with @Configuration.
23:36:06.792 [main] INFO org.springframework.boot.test.context.SpringBootTestContextBootstrapper -- Found @SpringBootConfiguration com.gateway.GatewayApplication for test class com.gateway.GatewayApplicationTests
23:36:07.171 [main] INFO org.springframework.boot.devtools.restart.RestartApplicationListener -- Restart disabled due to context in which it is running

  .   ____          _            __ _ _
 /\\ / ___'_ __ _ _(_)_ __  __ _ \ \ \ \
( ( )\___ | '_ | '_| | '_ \/ _` | \ \ \ \
 \\/  ___)| |_)| | | | | || (_| |  ) ) ) )
  '  |____| .__|_| |_|_| |_\__, | / / / /
 =========|_|==============|___/=/_/_/_/

 :: Spring Boot ::                (v3.4.8)

2025-08-25T23:36:07.558-03:00  INFO 22444 --- [gateway] [           main] com.gateway.GatewayApplicationTests      : Starting GatewayApplicationTests using Java 17.0.11 with PID 22444 (started by Acer in C:\Users\Acer\Desktop\Prog\api 2\microservicios\gateway)
2025-08-25T23:36:07.559-03:00  INFO 22444 --- [gateway] [           main] com.gateway.GatewayApplicationTests      : No active profile set, falling back to 1 default profile: "default"
2025-08-25T23:36:08.901-03:00  INFO 22444 --- [gateway] [           main] o.s.cloud.context.scope.GenericScope     : BeanFactory id=2ca31c82-c47b-3155-aa07-b4fbe80dcccb
2025-08-25T23:36:10.011-03:00  INFO 22444 --- [gateway] [           main] o.s.c.g.r.RouteDefinitionRouteLocator    : Loaded RoutePredicateFactory [After]
2025-08-25T23:36:10.011-03:00  INFO 22444 --- [gateway] [           main] o.s.c.g.r.RouteDefinitionRouteLocator    : Loaded RoutePredicateFactory [Before]
2025-08-25T23:36:10.011-03:00  INFO 22444 --- [gateway] [           main] o.s.c.g.r.RouteDefinitionRouteLocator    : Loaded RoutePredicateFactory [Between]
2025-08-25T23:36:10.011-03:00  INFO 22444 --- [gateway] [           main] o.s.c.g.r.RouteDefinitionRouteLocator    : Loaded RoutePredicateFactory [Cookie]
2025-08-25T23:36:10.011-03:00  INFO 22444 --- [gateway] [           main] o.s.c.g.r.RouteDefinitionRouteLocator    : Loaded RoutePredicateFactory [Header]
2025-08-25T23:36:10.011-03:00  INFO 22444 --- [gateway] [           main] o.s.c.g.r.RouteDefinitionRouteLocator    : Loaded RoutePredicateFactory [Host]
2025-08-25T23:36:10.011-03:00  INFO 22444 --- [gateway] [           main] o.s.c.g.r.RouteDefinitionRouteLocator    : Loaded RoutePredicateFactory [Method]
2025-08-25T23:36:10.012-03:00  INFO 22444 --- [gateway] [           main] o.s.c.g.r.RouteDefinitionRouteLocator    : Loaded RoutePredicateFactory [Path]
2025-08-25T23:36:10.012-03:00  INFO 22444 --- [gateway] [           main] o.s.c.g.r.RouteDefinitionRouteLocator    : Loaded RoutePredicateFactory [Query]
2025-08-25T23:36:10.012-03:00  INFO 22444 --- [gateway] [           main] o.s.c.g.r.RouteDefinitionRouteLocator    : Loaded RoutePredicateFactory [ReadBody]
2025-08-25T23:36:10.012-03:00  INFO 22444 --- [gateway] [           main] o.s.c.g.r.RouteDefinitionRouteLocator    : Loaded RoutePredicateFactory [RemoteAddr]
2025-08-25T23:36:10.012-03:00  INFO 22444 --- [gateway] [           main] o.s.c.g.r.RouteDefinitionRouteLocator    : Loaded RoutePredicateFactory [XForwardedRemoteAddr]
2025-08-25T23:36:10.012-03:00  INFO 22444 --- [gateway] [           main] o.s.c.g.r.RouteDefinitionRouteLocator    : Loaded RoutePredicateFactory [Weight]
2025-08-25T23:36:10.012-03:00  INFO 22444 --- [gateway] [           main] o.s.c.g.r.RouteDefinitionRouteLocator    : Loaded RoutePredicateFactory [CloudFoundryRouteService]
2025-08-25T23:36:11.363-03:00  INFO 22444 --- [gateway] [           main] o.s.b.a.e.web.EndpointLinksResolver      : Exposing 1 endpoint beneath base path '/actuator'
2025-08-25T23:36:12.058-03:00  INFO 22444 --- [gateway] [           main] DiscoveryClientOptionalArgsConfiguration : Eureka HTTP Client uses RestTemplate.
2025-08-25T23:36:12.103-03:00  WARN 22444 --- [gateway] [           main] iguration$LoadBalancerCaffeineWarnLogger : Spring Cloud LoadBalancer is currently working with the default cache. While this cache implementation is useful for development and tests, it's recommended to use Caffeine cache in production.You can switch to using Caffeine cache, by adding it and org.springframework.cache.caffeine.CaffeineCacheManager to the classpath.
2025-08-25T23:36:12.179-03:00  INFO 22444 --- [gateway] [           main] o.s.c.n.eureka.InstanceInfoFactory       : Setting initial instance status as: STARTING
2025-08-25T23:36:12.207-03:00  INFO 22444 --- [gateway] [           main] com.netflix.discovery.DiscoveryClient    : Initializing Eureka in region us-east-1
2025-08-25T23:36:12.215-03:00  INFO 22444 --- [gateway] [           main] c.n.d.s.r.aws.ConfigClusterResolver      : Resolving eureka endpoints via configuration
2025-08-25T23:36:12.230-03:00  INFO 22444 --- [gateway] [           main] com.netflix.discovery.DiscoveryClient    : Disable delta property : false
2025-08-25T23:36:12.231-03:00  INFO 22444 --- [gateway] [           main] com.netflix.discovery.DiscoveryClient    : Single vip registry refresh property : null
2025-08-25T23:36:12.231-03:00  INFO 22444 --- [gateway] [           main] com.netflix.discovery.DiscoveryClient    : Force full registry fetch : false
2025-08-25T23:36:12.231-03:00  INFO 22444 --- [gateway] [           main] com.netflix.discovery.DiscoveryClient    : Application is null : false
2025-08-25T23:36:12.231-03:00  INFO 22444 --- [gateway] [           main] com.netflix.discovery.DiscoveryClient    : Registered Applications size is zero : true
2025-08-25T23:36:12.231-03:00  INFO 22444 --- [gateway] [           main] com.netflix.discovery.DiscoveryClient    : Application version is -1: true
2025-08-25T23:36:12.231-03:00  INFO 22444 --- [gateway] [           main] com.netflix.discovery.DiscoveryClient    : Getting all instance registry info from the eureka server
2025-08-25T23:36:12.934-03:00  INFO 22444 --- [gateway] [           main] com.netflix.discovery.DiscoveryClient    : The response status is 200
2025-08-25T23:36:12.936-03:00  INFO 22444 --- [gateway] [           main] com.netflix.discovery.DiscoveryClient    : Starting heartbeat executor: renew interval is: 30
2025-08-25T23:36:12.938-03:00  INFO 22444 --- [gateway] [           main] c.n.discovery.InstanceInfoReplicator     : InstanceInfoReplicator onDemand update allowed rate per min is 4
2025-08-25T23:36:12.941-03:00  INFO 22444 --- [gateway] [           main] com.netflix.discovery.DiscoveryClient    : Discovery Client initialized at timestamp 1756175772939 with initial instances count: 0
2025-08-25T23:36:12.947-03:00  INFO 22444 --- [gateway] [           main] o.s.c.n.e.s.EurekaServiceRegistry        : Registering application GATEWAY with eureka with status UP
2025-08-25T23:36:12.947-03:00  INFO 22444 --- [gateway] [           main] com.netflix.discovery.DiscoveryClient    : Saw local status change event StatusChangeEvent [timestamp=1756175772947, current=UP, previous=STARTING]
2025-08-25T23:36:12.950-03:00  INFO 22444 --- [gateway] [foReplicator-%d] com.netflix.discovery.DiscoveryClient    : DiscoveryClient_GATEWAY/DESKTOP-617ISOQ:gateway:8080: registering service...
2025-08-25T23:36:13.040-03:00  INFO 22444 --- [gateway] [           main] com.gateway.GatewayApplicationTests      : Started GatewayApplicationTests in 5.884 seconds (process running for 6.991)
2025-08-25T23:36:13.122-03:00  INFO 22444 --- [gateway] [foReplicator-%d] com.netflix.discovery.DiscoveryClient    : DiscoveryClient_GATEWAY/DESKTOP-617ISOQ:gateway:8080 - registration status: 204
]]></system-out>
  </testcase>
</testsuite>